<component name="libraryTable">
  <library name="junit-4.12">
    <CLASSES>
      <root url="jar://$PROJECT_DIR$/libs/junit-4.12.jar!/" />
      <root url="jar://$PROJECT_DIR$/libs/selenium-server-3.141.59.jar!/" />
      <root url="jar://$PROJECT_DIR$/libs/selenium-server-standalone-2.39.0.jar!/" />
    </CLASSES>
    <JAVADOC />
    <SOURCES />
  </library>
</component>